{"D:\\Web Apps\\React\\react-startup-package\\mocks\\fileMock.js": {"path":"D:\\Web Apps\\React\\react-startup-package\\mocks\\fileMock.js","statementMap":{},"fnMap":{},"branchMap":{},"s":{},"f":{},"b":{},"_coverageSchema":"1a1c01bbd47fc00a2c39e90264f33305004495a9","hash":"72ff34cd1a0ab19076068c8d3ab99d6a654c018b"}
,"D:\\Web Apps\\React\\react-startup-package\\src\\App.js": {"path":"D:\\Web Apps\\React\\react-startup-package\\src\\App.js","statementMap":{"0":{"start":{"line":4,"column":12},"end":{"line":13,"column":1}},"1":{"start":{"line":5,"column":2},"end":{"line":12,"column":9}}},"fnMap":{"0":{"name":"(anonymous_0)","decl":{"start":{"line":4,"column":12},"end":{"line":4,"column":13}},"loc":{"start":{"line":4,"column":18},"end":{"line":13,"column":1}},"line":4}},"branchMap":{},"s":{"0":1,"1":1},"f":{"0":1},"b":{},"_coverageSchema":"1a1c01bbd47fc00a2c39e90264f33305004495a9","hash":"86307d7cff4842cfa67ed16b7be426a03d564e92"}
}
